<?xml version="1.0" encoding="UTF-8"?>
<!-- Generated by org.testng.reporters.JUnitReportReporter -->
<testsuite hostname="DESKTOP-9P5T93S" failures="0" tests="1" name="lumimexWeb.ContactUsTest" time="25.805" errors="0" timestamp="2021-02-11T20:39:36 CST" skipped="0">
  <testcase classname="lumimexWeb.ContactUsTest" name="contactUsPageNavigation" time="25.805"/>
  <system-out/>
</testsuite> <!-- lumimexWeb.ContactUsTest -->
