<?xml version="1.0" encoding="UTF-8"?>
<!-- Generated by org.testng.reporters.JUnitReportReporter -->
<testsuite hostname="DESKTOP-9P5T93S" failures="0" tests="1" name="qaAcademy.LoginTest" time="2.704" errors="0" timestamp="2021-03-01T19:31:56 CST" skipped="0">
  <testcase classname="qaAcademy.LoginTest" name="contactUsPageNavigation" time="2.704"/>
  <system-out/>
</testsuite> <!-- qaAcademy.LoginTest -->
