<?xml version="1.0" encoding="UTF-8"?>
<!-- Generated by org.testng.reporters.JUnitReportReporter -->
<testsuite hostname="DESKTOP-9P5T93S" failures="0" tests="1" name="qaAcademy.HomePageAssertTrueTest" time="0.174" errors="0" timestamp="2021-02-22T20:22:38 CST" skipped="0">
  <testcase classname="qaAcademy.HomePageAssertTrueTest" name="homePageNavigation" time="0.174"/>
  <system-out/>
</testsuite> <!-- qaAcademy.HomePageAssertTrueTest -->
