<?xml version="1.0" encoding="UTF-8"?>
<!-- Generated by org.testng.reporters.JUnitReportReporter -->
<testsuite hostname="DESKTOP-9P5T93S" failures="0" tests="1" name="qaAcademy.PracticePageTest" time="11.054" errors="0" timestamp="2021-03-04T20:51:22 CST" skipped="0">
  <testcase classname="qaAcademy.PracticePageTest" name="navigatePractice" time="11.054"/>
  <system-out/>
</testsuite> <!-- qaAcademy.PracticePageTest -->
