<?xml version="1.0" encoding="UTF-8"?>
<!-- Generated by org.testng.reporters.JUnitReportReporter -->
<testsuite skipped="0" hostname="DESKTOP-9P5T93S" name="qaAcademy.DataProviderLoginTest" tests="2" failures="0" timestamp="2021-04-07T20:16:27 CDT" time="15.831" errors="0">
  <testcase name="differentUserLogin" time="10.899" classname="qaAcademy.DataProviderLoginTest"/>
  <system-out/>
  <testcase name="differentUserLogin" time="4.932" classname="qaAcademy.DataProviderLoginTest"/>
  <system-out/>
</testsuite> <!-- qaAcademy.DataProviderLoginTest -->
