<?xml version="1.0" encoding="UTF-8"?>
<!-- Generated by org.testng.reporters.JUnitReportReporter -->
<testsuite skipped="0" hostname="DESKTOP-9P5T93S" name="qaAcademy.LoginTest" tests="1" failures="0" timestamp="2021-03-01T19:56:11 CST" time="3.048" errors="0">
  <testcase name="contactUsPageNavigation" time="3.048" classname="qaAcademy.LoginTest"/>
  <system-out/>
</testsuite> <!-- qaAcademy.LoginTest -->
