<?xml version="1.0" encoding="UTF-8"?>
<!-- Generated by org.testng.reporters.JUnitReportReporter -->
<testsuite skipped="0" hostname="DESKTOP-9P5T93S" name="qaAcademy.PracticePageTest" tests="1" failures="0" timestamp="2021-04-07T20:16:27 CDT" time="6.756" errors="0">
  <testcase name="navigatePractice" time="6.756" classname="qaAcademy.PracticePageTest"/>
  <system-out/>
</testsuite> <!-- qaAcademy.PracticePageTest -->
