<?xml version="1.0" encoding="UTF-8"?>
<!-- Generated by org.testng.reporters.JUnitReportReporter -->
<testsuite skipped="0" hostname="DESKTOP-9P5T93S" name="qaAcademy.HomePageAssertTrueTest" tests="1" failures="0" timestamp="2021-02-22T20:58:49 CST" time="0.181" errors="0">
  <testcase name="homePageNavigation" time="0.181" classname="qaAcademy.HomePageAssertTrueTest"/>
  <system-out/>
</testsuite> <!-- qaAcademy.HomePageAssertTrueTest -->
